[2023-07-12 18:05:48] [ INFO ] [Main:35] Creando la tabla en la base de datos...
[2023-07-12 18:05:48] [ ERROR] [Main:66] Syntax error in SQL statement "CREATE TABLE IF NOT EXISTS pacientes (id INT, dni VARCHAR(255), nombre VARCHAR(255), telefono VARCHAR(255), grupo_sanguineo VARCHAR(255), edad INT[*]"; expected "ARRAY, INVISIBLE, VISIBLE, NOT NULL, NULL, AS, DEFAULT, GENERATED, ON UPDATE, NOT NULL, NULL, AUTO_INCREMENT, DEFAULT ON NULL, NULL_TO_DEFAULT, SEQUENCE, SELECTIVITY, COMMENT, CONSTRAINT, COMMENT, PRIMARY KEY, UNIQUE, NOT NULL, NULL, CHECK, REFERENCES, AUTO_INCREMENT, ,, )"; SQL statement:
CREATE TABLE IF NOT EXISTS pacientes (id INT, dni VARCHAR(255), nombre VARCHAR(255), telefono VARCHAR(255), grupo_sanguineo VARCHAR(255), edad INT [42001-220]
[2023-07-12 18:10:34] [ INFO ] [Main:35] Creando la tabla en la base de datos...
[2023-07-12 18:10:34] [ ERROR] [Main:66] Syntax error in SQL statement "CREATE TABLE IF NOT EXISTS pacientes (id INT, dni VARCHAR(255), nombre VARCHAR(255), telefono VARCHAR(255), grupo_sanguineo VARCHAR(255), edad INT[*]"; expected "ARRAY, INVISIBLE, VISIBLE, NOT NULL, NULL, AS, DEFAULT, GENERATED, ON UPDATE, NOT NULL, NULL, AUTO_INCREMENT, DEFAULT ON NULL, NULL_TO_DEFAULT, SEQUENCE, SELECTIVITY, COMMENT, CONSTRAINT, COMMENT, PRIMARY KEY, UNIQUE, NOT NULL, NULL, CHECK, REFERENCES, AUTO_INCREMENT, ,, )"; SQL statement:
CREATE TABLE IF NOT EXISTS pacientes (id INT, dni VARCHAR(255), nombre VARCHAR(255), telefono VARCHAR(255), grupo_sanguineo VARCHAR(255), edad INT [42001-220]
[2023-07-12 18:12:10] [ INFO ] [Main:35] Creando la tabla en la base de datos...
[2023-07-12 18:12:10] [ ERROR] [Main:66] Column "ALGUIEN" not found; SQL statement:
INSERT INTO pacientes(id, dni, nombre, telefono, grupo_sanguineo, edad) VALUES (1, 666, Alguien, 123456, APOS, 19) [42122-220]
[2023-07-12 18:12:35] [ INFO ] [Main:35] Creando la tabla en la base de datos...
[2023-07-12 18:12:35] [ ERROR] [Main:66] Column "ALGUIEN" not found; SQL statement:
INSERT INTO pacientes(id, dni, nombre, telefono, grupo_sanguineo, edad) VALUES (1, 666, Alguien, 123456, APOS, 19) [42122-220]
[2023-07-12 18:14:15] [ INFO ] [Main:35] Creando la tabla en la base de datos...
[2023-07-12 18:14:15] [ INFO ] [Main:39] Filas afectadas: 1
[2023-07-12 18:14:15] [ INFO ] [Main:43] Filas afectadas: 1
[2023-07-12 18:14:15] [ INFO ] [Main:62] Terminamos....
[2023-07-13 13:16:02] [ INFO ] [Main:48] Registrando el driver y conectando a la base de datos.
[2023-07-13 13:16:03] [ INFO ] [Main:70] Creando la tabla en la base de datos.
[2023-07-13 13:16:03] [ INFO ] [Main:80] Insertando registros en la base de datos.
[2023-07-13 13:16:03] [ INFO ] [Main:86] Filas afectadas en el insert: 1
[2023-07-13 13:16:03] [ INFO ] [Main:90] Filas afectadas en el insert: 1
[2023-07-13 13:16:03] [ INFO ] [Main:97] Realizando consultas
[2023-07-13 13:16:03] [ INFO ] [Main:277] Modificando los datos de los pacientes.
[2023-07-13 13:16:03] [ INFO ] [Main:284] Filas afectadas en el update: 2
[2023-07-13 13:16:03] [ INFO ] [Main:288] Filas afectadas en el update: 2
[2023-07-13 13:16:03] [ INFO ] [Main:300] Filas afectadas en el update: 2
[2023-07-13 13:16:03] [ INFO ] [Main:304] Filas afectadas en el update: 2
[2023-07-13 13:16:03] [ INFO ] [Main:61] Desconectando de la base de datos
[2023-07-13 13:16:25] [ INFO ] [Main:48] Registrando el driver y conectando a la base de datos.
[2023-07-13 13:16:25] [ INFO ] [Main:70] Creando la tabla en la base de datos.
[2023-07-13 13:16:25] [ INFO ] [Main:80] Insertando registros en la base de datos.
[2023-07-13 13:16:25] [ INFO ] [Main:86] Filas afectadas en el insert: 1
[2023-07-13 13:16:25] [ INFO ] [Main:90] Filas afectadas en el insert: 1
[2023-07-13 13:16:25] [ INFO ] [Main:97] Realizando consultas
[2023-07-13 13:16:25] [ INFO ] [Main:277] Modificando los datos de los pacientes.
[2023-07-13 13:16:25] [ INFO ] [Main:284] Filas afectadas en el update: 1
[2023-07-13 13:16:25] [ INFO ] [Main:288] Filas afectadas en el update: 1
[2023-07-13 13:16:25] [ INFO ] [Main:300] Filas afectadas en el delete: 1
[2023-07-13 13:16:25] [ INFO ] [Main:304] Filas afectadas en el delete: 1
[2023-07-13 13:16:25] [ INFO ] [Main:61] Desconectando de la base de datos
[2023-07-13 13:18:47] [ INFO ] [Main:48] Registrando el driver y conectando a la base de datos.
[2023-07-13 13:18:47] [ INFO ] [Main:70] Creando la tabla pacientes en la base de datos.
[2023-07-13 13:18:47] [ INFO ] [Main:80] Insertando registros en la base de datos.
[2023-07-13 13:18:47] [ INFO ] [Main:86] Filas afectadas en el insert: 1
[2023-07-13 13:18:47] [ INFO ] [Main:90] Filas afectadas en el insert: 1
[2023-07-13 13:18:47] [ INFO ] [Main:97] Realizando consultas
[2023-07-13 13:18:48] [ INFO ] [Main:277] Modificando los datos de los pacientes.
[2023-07-13 13:18:48] [ INFO ] [Main:284] Filas afectadas en el update: 1
[2023-07-13 13:18:48] [ INFO ] [Main:288] Filas afectadas en el update: 1
[2023-07-13 13:18:48] [ INFO ] [Main:295] Borrando registros de pacientes.
[2023-07-13 13:18:48] [ INFO ] [Main:301] Filas afectadas en el delete: 1
[2023-07-13 13:18:48] [ INFO ] [Main:305] Filas afectadas en el delete: 1
[2023-07-13 13:18:48] [ INFO ] [Main:61] Desconectando de la base de datos
[2023-07-15 17:02:30] [ INFO ] [Main:44] Registrando el driver y conectando a la base de datos.
[2023-07-15 17:02:30] [ INFO ] [Main:57] Desconectando de la base de datos
[2023-07-15 17:07:07] [ ERROR] [Main:101] La lista no contiene pacientes.
[2023-07-15 17:33:38] [ ERROR] [Main:30] La lista no contiene pacientes.
[2023-07-15 17:34:49] [ ERROR] [Main:30] La lista no contiene pacientes.
[2023-07-15 18:57:03] [ ERROR] [Main:30] La lista no contiene pacientes.
[2023-07-15 18:57:32] [ ERROR] [Main:30] La lista no contiene pacientes.
[2023-07-15 18:57:48] [ ERROR] [Main:30] La lista no contiene pacientes.
[2023-07-15 19:01:54] [ ERROR] [Main:30] La lista no contiene pacientes.
[2023-07-15 19:41:29] [ ERROR] [Main:29] La lista no contiene pacientes.
[2023-07-15 19:42:54] [ ERROR] [Main:30] La lista no contiene pacientes.
[2023-07-15 19:42:58] [ INFO ] [DAOPatient:25] Registrando el driver y conectando a la base de datos.
[2023-07-15 19:42:58] [ ERROR] [DAOPatient:33] Error: no se ha podido establecer conexión con la base de datos.
[2023-07-15 19:42:58] [ ERROR] [Main:30] La lista no contiene pacientes.
[2023-07-15 19:51:14] [ INFO ] [DAOPatient:25] Registrando el driver y conectando a la base de datos.
[2023-07-15 19:54:49] [ ERROR] [DAOPatient:33] Error: no se ha podido establecer conexión con la base de datos.
[2023-07-15 19:54:49] [ ERROR] [Main:30] La lista no contiene pacientes.
[2023-07-15 19:54:55] [ INFO ] [DAOPatient:25] Registrando el driver y conectando a la base de datos.
[2023-07-15 19:54:55] [ ERROR] [DAOPatient:33] Error: no se ha podido establecer conexión con la base de datos.
[2023-07-15 19:54:55] [ ERROR] [Main:30] La lista no contiene pacientes.
[2023-07-15 19:56:58] [ INFO ] [DAOPatient:25] Registrando el driver y conectando a la base de datos.
[2023-07-15 19:56:58] [ ERROR] [DAOPatient:33] Error: no se ha podido establecer conexión con la base de datos.
[2023-07-15 19:56:58] [ ERROR] [Main:30] La lista no contiene pacientes.
[2023-07-15 19:59:07] [ INFO ] [DAOPatient:25] Registrando el driver y conectando a la base de datos.
[2023-07-15 19:59:07] [ ERROR] [DAOPatient:33] Error: no se ha podido establecer conexión con la base de datos.
[2023-07-15 19:59:20] [ ERROR] [Main:30] La lista no contiene pacientes.
[2023-07-15 19:59:35] [ INFO ] [DAOPatient:25] Registrando el driver y conectando a la base de datos.
[2023-07-15 20:08:33] [ ERROR] [DAOPatient:33] Error: no se ha podido establecer conexión con la base de datos.
[2023-07-15 20:08:33] [ ERROR] [Main:30] La lista no contiene pacientes.
[2023-07-15 20:08:39] [ INFO ] [DAOPatient:25] Registrando el driver y conectando a la base de datos.
[2023-07-15 20:08:40] [ ERROR] [DAOPatient:33] Error: no se ha podido establecer conexión con la base de datos.
[2023-07-15 20:08:40] [ ERROR] [Main:30] La lista no contiene pacientes.
[2023-07-15 20:08:59] [ INFO ] [DAOPatient:25] Registrando el driver y conectando a la base de datos.
[2023-07-15 20:09:26] [ ERROR] [DAOPatient:33] Error: no se ha podido establecer conexión con la base de datos.
[2023-07-15 20:09:26] [ ERROR] [Main:30] La lista no contiene pacientes.
[2023-07-15 20:10:57] [ INFO ] [DAOPatient:25] Registrando el driver y conectando a la base de datos.
[2023-07-15 20:11:14] [ ERROR] [DAOPatient:33] Error: no se ha podido establecer conexión con la base de datos.
[2023-07-15 20:11:14] [ ERROR] [Main:30] La lista no contiene pacientes.
[2023-07-15 20:14:29] [ INFO ] [DAOPatient:25] Registrando el driver y conectando a la base de datos.
[2023-07-15 20:14:29] [ ERROR] [DAOPatient:33] Error: no se ha podido establecer conexión con la base de datos.
